<?xml version="1.0" encoding="UTF-8"?>
<!-- Generated by org.testng.reporters.JUnitXMLReporter -->
<testsuite hostname="DESKTOP-SDI2AQA" ignored="7" name="Command line test" tests="1" failures="0" timestamp="14 Jun 2022 16:58:20 GMT" time="15.866" errors="0">
  <testcase name="Demo_on_Web" time="14.395" classname="TestSuite.Demo"/>
  <testcase name="brokenLinks1" time="0.0" classname="TestSuite.Demo">
    <ignored/>
  </testcase> <!-- brokenLinks1 -->
  <testcase name="Indepenet_API" time="0.0" classname="TestSuite.Demo">
    <ignored/>
  </testcase> <!-- Indepenet_API -->
  <testcase name="CheckoutWithLogin" time="0.0" classname="TestSuite.MDemo">
    <ignored/>
  </testcase> <!-- CheckoutWithLogin -->
  <testcase name="Dependent_APIData" time="0.0" classname="TestSuite.Demo">
    <ignored/>
  </testcase> <!-- Dependent_APIData -->
  <testcase name="RegisterPage" time="0.0" classname="TestSuite.MDemo">
    <ignored/>
  </testcase> <!-- RegisterPage -->
  <testcase name="brokenLinks" time="0.0" classname="TestSuite.Demo">
    <ignored/>
  </testcase> <!-- brokenLinks -->
  <testcase name="Demo_on_WebWithGuestCheckout" time="0.0" classname="TestSuite.Demo">
    <ignored/>
  </testcase> <!-- Demo_on_WebWithGuestCheckout -->
</testsuite> <!-- Command line test -->
